{"C:\\Users\\overb\\OneDrive\\Documents\\Franck\\Pro\\Projets\\Projets Dev\\Formation-OpenClassroom-Projet9\\Formation-OpenClassroom-Projet9\\Billed-app-FR-Front\\src\\constants\\routes.js": {"path":"C:\\Users\\overb\\OneDrive\\Documents\\Franck\\Pro\\Projets\\Projets Dev\\Formation-OpenClassroom-Projet9\\Formation-OpenClassroom-Projet9\\Billed-app-FR-Front\\src\\constants\\routes.js","statementMap":{"0":{"start":{"line":6,"column":27},"end":{"line":11,"column":1}},"1":{"start":{"line":13,"column":22},"end":{"line":26,"column":1}},"2":{"start":{"line":14,"column":2},"end":{"line":25,"column":3}},"3":{"start":{"line":16,"column":6},"end":{"line":16,"column":46}},"4":{"start":{"line":18,"column":6},"end":{"line":18,"column":46}},"5":{"start":{"line":20,"column":6},"end":{"line":20,"column":24}},"6":{"start":{"line":22,"column":6},"end":{"line":22,"column":50}},"7":{"start":{"line":24,"column":6},"end":{"line":24,"column":46}}},"fnMap":{"0":{"name":"(anonymous_0)","decl":{"start":{"line":13,"column":22},"end":{"line":13,"column":23}},"loc":{"start":{"line":13,"column":62},"end":{"line":26,"column":1}},"line":13}},"branchMap":{"0":{"loc":{"start":{"line":14,"column":2},"end":{"line":25,"column":3}},"type":"switch","locations":[{"start":{"line":15,"column":4},"end":{"line":16,"column":46}},{"start":{"line":17,"column":4},"end":{"line":18,"column":46}},{"start":{"line":19,"column":4},"end":{"line":20,"column":24}},{"start":{"line":21,"column":4},"end":{"line":22,"column":50}},{"start":{"line":23,"column":4},"end":{"line":24,"column":46}}],"line":14}},"s":{"0":6,"1":6,"2":26,"3":7,"4":5,"5":1,"6":12,"7":1},"f":{"0":26},"b":{"0":[7,5,1,12,1]},"_coverageSchema":"1a1c01bbd47fc00a2c39e90264f33305004495a9","hash":"31ef537929e67765e363d8cbefc7bc5cb0a8ef30"}
,"C:\\Users\\overb\\OneDrive\\Documents\\Franck\\Pro\\Projets\\Projets Dev\\Formation-OpenClassroom-Projet9\\Formation-OpenClassroom-Projet9\\Billed-app-FR-Front\\src\\constants\\usersTest.js": {"path":"C:\\Users\\overb\\OneDrive\\Documents\\Franck\\Pro\\Projets\\Projets Dev\\Formation-OpenClassroom-Projet9\\Formation-OpenClassroom-Projet9\\Billed-app-FR-Front\\src\\constants\\usersTest.js","statementMap":{},"fnMap":{},"branchMap":{},"s":{},"f":{},"b":{},"_coverageSchema":"1a1c01bbd47fc00a2c39e90264f33305004495a9","hash":"51d2037df5e77dbce39594eabd2ee4a7f69ff59e"}
,"C:\\Users\\overb\\OneDrive\\Documents\\Franck\\Pro\\Projets\\Projets Dev\\Formation-OpenClassroom-Projet9\\Formation-OpenClassroom-Projet9\\Billed-app-FR-Front\\src\\containers\\Bills.js": {"path":"C:\\Users\\overb\\OneDrive\\Documents\\Franck\\Pro\\Projets\\Projets Dev\\Formation-OpenClassroom-Projet9\\Formation-OpenClassroom-Projet9\\Billed-app-FR-Front\\src\\containers\\Bills.js","statementMap":{"0":{"start":{"line":7,"column":4},"end":{"line":7,"column":29}},"1":{"start":{"line":8,"column":4},"end":{"line":8,"column":33}},"2":{"start":{"line":9,"column":4},"end":{"line":9,"column":23}},"3":{"start":{"line":10,"column":26},"end":{"line":12,"column":5}},"4":{"start":{"line":13,"column":4},"end":{"line":14,"column":71}},"5":{"start":{"line":14,"column":6},"end":{"line":14,"column":71}},"6":{"start":{"line":15,"column":20},"end":{"line":15,"column":76}},"7":{"start":{"line":16,"column":4},"end":{"line":19,"column":9}},"8":{"start":{"line":17,"column":6},"end":{"line":19,"column":9}},"9":{"start":{"line":18,"column":8},"end":{"line":18,"column":76}},"10":{"start":{"line":18,"column":45},"end":{"line":18,"column":74}},"11":{"start":{"line":20,"column":4},"end":{"line":20,"column":55}},"12":{"start":{"line":23,"column":23},"end":{"line":25,"column":3}},"13":{"start":{"line":24,"column":4},"end":{"line":24,"column":44}},"14":{"start":{"line":27,"column":23},"end":{"line":36,"column":3}},"15":{"start":{"line":28,"column":20},"end":{"line":28,"column":54}},"16":{"start":{"line":29,"column":21},"end":{"line":29,"column":63}},"17":{"start":{"line":30,"column":4},"end":{"line":34,"column":8}},"18":{"start":{"line":35,"column":4},"end":{"line":35,"column":35}},"19":{"start":{"line":38,"column":13},"end":{"line":80,"column":3}},"20":{"start":{"line":39,"column":4},"end":{"line":79,"column":5}},"21":{"start":{"line":40,"column":6},"end":{"line":78,"column":11}},"22":{"start":{"line":44,"column":24},"end":{"line":61,"column":12}},"23":{"start":{"line":45,"column":12},"end":{"line":60,"column":13}},"24":{"start":{"line":46,"column":14},"end":{"line":50,"column":16}},"25":{"start":{"line":54,"column":14},"end":{"line":54,"column":41}},"26":{"start":{"line":55,"column":14},"end":{"line":59,"column":16}},"27":{"start":{"line":62,"column":10},"end":{"line":62,"column":46}},"28":{"start":{"line":63,"column":10},"end":{"line":63,"column":23}},"29":{"start":{"line":66,"column":10},"end":{"line":77,"column":11}},"30":{"start":{"line":70,"column":12},"end":{"line":74,"column":14}},"31":{"start":{"line":76,"column":12},"end":{"line":76,"column":24}}},"fnMap":{"0":{"name":"(anonymous_0)","decl":{"start":{"line":6,"column":2},"end":{"line":6,"column":3}},"loc":{"start":{"line":6,"column":61},"end":{"line":21,"column":3}},"line":6},"1":{"name":"(anonymous_1)","decl":{"start":{"line":17,"column":22},"end":{"line":17,"column":23}},"loc":{"start":{"line":17,"column":32},"end":{"line":19,"column":7}},"line":17},"2":{"name":"(anonymous_2)","decl":{"start":{"line":18,"column":39},"end":{"line":18,"column":40}},"loc":{"start":{"line":18,"column":45},"end":{"line":18,"column":74}},"line":18},"3":{"name":"(anonymous_3)","decl":{"start":{"line":23,"column":23},"end":{"line":23,"column":24}},"loc":{"start":{"line":23,"column":29},"end":{"line":25,"column":3}},"line":23},"4":{"name":"(anonymous_4)","decl":{"start":{"line":27,"column":23},"end":{"line":27,"column":24}},"loc":{"start":{"line":27,"column":33},"end":{"line":36,"column":3}},"line":27},"5":{"name":"(anonymous_5)","decl":{"start":{"line":38,"column":13},"end":{"line":38,"column":14}},"loc":{"start":{"line":38,"column":19},"end":{"line":80,"column":3}},"line":38},"6":{"name":"(anonymous_6)","decl":{"start":{"line":43,"column":14},"end":{"line":43,"column":15}},"loc":{"start":{"line":43,"column":28},"end":{"line":64,"column":9}},"line":43},"7":{"name":"(anonymous_7)","decl":{"start":{"line":44,"column":37},"end":{"line":44,"column":38}},"loc":{"start":{"line":44,"column":46},"end":{"line":61,"column":11}},"line":44},"8":{"name":"(anonymous_8)","decl":{"start":{"line":65,"column":15},"end":{"line":65,"column":16}},"loc":{"start":{"line":65,"column":26},"end":{"line":78,"column":9}},"line":65}},"branchMap":{"0":{"loc":{"start":{"line":13,"column":4},"end":{"line":14,"column":71}},"type":"if","locations":[{"start":{"line":13,"column":4},"end":{"line":14,"column":71}},{"start":{"line":13,"column":4},"end":{"line":14,"column":71}}],"line":13},"1":{"loc":{"start":{"line":16,"column":4},"end":{"line":19,"column":9}},"type":"if","locations":[{"start":{"line":16,"column":4},"end":{"line":19,"column":9}},{"start":{"line":16,"column":4},"end":{"line":19,"column":9}}],"line":16},"2":{"loc":{"start":{"line":39,"column":4},"end":{"line":79,"column":5}},"type":"if","locations":[{"start":{"line":39,"column":4},"end":{"line":79,"column":5}},{"start":{"line":39,"column":4},"end":{"line":79,"column":5}}],"line":39},"3":{"loc":{"start":{"line":66,"column":10},"end":{"line":77,"column":11}},"type":"if","locations":[{"start":{"line":66,"column":10},"end":{"line":77,"column":11}},{"start":{"line":66,"column":10},"end":{"line":77,"column":11}}],"line":66},"4":{"loc":{"start":{"line":66,"column":14},"end":{"line":69,"column":11}},"type":"binary-expr","locations":[{"start":{"line":66,"column":14},"end":{"line":66,"column":28}},{"start":{"line":67,"column":14},"end":{"line":67,"column":43}},{"start":{"line":68,"column":12},"end":{"line":68,"column":41}}],"line":66},"5":{"loc":{"start":{"line":71,"column":14},"end":{"line":73,"column":41}},"type":"cond-expr","locations":[{"start":{"line":72,"column":18},"end":{"line":72,"column":29}},{"start":{"line":73,"column":18},"end":{"line":73,"column":41}}],"line":71}},"s":{"0":4,"1":4,"2":4,"3":4,"4":4,"5":3,"6":4,"7":4,"8":4,"9":12,"10":0,"11":4,"12":4,"13":0,"14":4,"15":0,"16":0,"17":0,"18":0,"19":4,"20":4,"21":4,"22":1,"23":4,"24":4,"25":0,"26":0,"27":1,"28":1,"29":3,"30":2,"31":1},"f":{"0":4,"1":12,"2":0,"3":0,"4":0,"5":4,"6":1,"7":4,"8":3},"b":{"0":[3,1],"1":[4,0],"2":[4,0],"3":[2,1],"4":[3,2,1],"5":[1,1]},"_coverageSchema":"1a1c01bbd47fc00a2c39e90264f33305004495a9","hash":"98e79eb5addcef3b86d515b001c196d3b935ef5f"}
,"C:\\Users\\overb\\OneDrive\\Documents\\Franck\\Pro\\Projets\\Projets Dev\\Formation-OpenClassroom-Projet9\\Formation-OpenClassroom-Projet9\\Billed-app-FR-Front\\src\\containers\\Dashboard.js": {"path":"C:\\Users\\overb\\OneDrive\\Documents\\Franck\\Pro\\Projets\\Projets Dev\\Formation-OpenClassroom-Projet9\\Formation-OpenClassroom-Projet9\\Billed-app-FR-Front\\src\\containers\\Dashboard.js","statementMap":{"0":{"start":{"line":8,"column":29},"end":{"line":28,"column":1}},"1":{"start":{"line":9,"column":2},"end":{"line":27,"column":11}},"2":{"start":{"line":14,"column":6},"end":{"line":24,"column":7}},"3":{"start":{"line":15,"column":8},"end":{"line":15,"column":50}},"4":{"start":{"line":20,"column":26},"end":{"line":20,"column":72}},"5":{"start":{"line":21,"column":8},"end":{"line":23,"column":58}},"6":{"start":{"line":26,"column":6},"end":{"line":26,"column":28}},"7":{"start":{"line":30,"column":20},"end":{"line":53,"column":1}},"8":{"start":{"line":31,"column":28},"end":{"line":31,"column":52}},"9":{"start":{"line":32,"column":20},"end":{"line":33,"column":40}},"10":{"start":{"line":34,"column":19},"end":{"line":35,"column":53}},"11":{"start":{"line":37,"column":2},"end":{"line":52,"column":4}},"12":{"start":{"line":55,"column":21},"end":{"line":57,"column":1}},"13":{"start":{"line":56,"column":2},"end":{"line":56,"column":76}},"14":{"start":{"line":56,"column":51},"end":{"line":56,"column":61}},"15":{"start":{"line":59,"column":25},"end":{"line":69,"column":1}},"16":{"start":{"line":60,"column":2},"end":{"line":68,"column":3}},"17":{"start":{"line":62,"column":6},"end":{"line":62,"column":22}},"18":{"start":{"line":64,"column":6},"end":{"line":64,"column":23}},"19":{"start":{"line":66,"column":6},"end":{"line":66,"column":22}},"20":{"start":{"line":73,"column":4},"end":{"line":73,"column":28}},"21":{"start":{"line":74,"column":4},"end":{"line":74,"column":32}},"22":{"start":{"line":75,"column":4},"end":{"line":75,"column":22}},"23":{"start":{"line":76,"column":4},"end":{"line":76,"column":71}},"24":{"start":{"line":76,"column":35},"end":{"line":76,"column":70}},"25":{"start":{"line":77,"column":4},"end":{"line":77,"column":71}},"26":{"start":{"line":77,"column":35},"end":{"line":77,"column":70}},"27":{"start":{"line":78,"column":4},"end":{"line":78,"column":71}},"28":{"start":{"line":78,"column":35},"end":{"line":78,"column":70}},"29":{"start":{"line":79,"column":4},"end":{"line":79,"column":44}},"30":{"start":{"line":82,"column":23},"end":{"line":87,"column":3}},"31":{"start":{"line":83,"column":20},"end":{"line":83,"column":58}},"32":{"start":{"line":84,"column":21},"end":{"line":84,"column":69}},"33":{"start":{"line":85,"column":4},"end":{"line":85,"column":144}},"34":{"start":{"line":86,"column":4},"end":{"line":86,"column":96}},"35":{"start":{"line":86,"column":60},"end":{"line":86,"column":96}},"36":{"start":{"line":90,"column":4},"end":{"line":90,"column":19}},"37":{"start":{"line":91,"column":4},"end":{"line":91,"column":75}},"38":{"start":{"line":91,"column":59},"end":{"line":91,"column":75}},"39":{"start":{"line":92,"column":4},"end":{"line":92,"column":71}},"40":{"start":{"line":92,"column":54},"end":{"line":92,"column":71}},"41":{"start":{"line":93,"column":4},"end":{"line":109,"column":5}},"42":{"start":{"line":94,"column":6},"end":{"line":96,"column":8}},"43":{"start":{"line":95,"column":8},"end":{"line":95,"column":61}},"44":{"start":{"line":97,"column":6},"end":{"line":97,"column":62}},"45":{"start":{"line":98,"column":6},"end":{"line":98,"column":69}},"46":{"start":{"line":99,"column":6},"end":{"line":99,"column":52}},"47":{"start":{"line":100,"column":6},"end":{"line":100,"column":21}},"48":{"start":{"line":102,"column":6},"end":{"line":102,"column":62}},"49":{"start":{"line":104,"column":6},"end":{"line":106,"column":8}},"50":{"start":{"line":107,"column":6},"end":{"line":107,"column":52}},"51":{"start":{"line":108,"column":6},"end":{"line":108,"column":21}},"52":{"start":{"line":110,"column":4},"end":{"line":110,"column":51}},"53":{"start":{"line":111,"column":4},"end":{"line":111,"column":72}},"54":{"start":{"line":111,"column":39},"end":{"line":111,"column":71}},"55":{"start":{"line":112,"column":4},"end":{"line":112,"column":72}},"56":{"start":{"line":112,"column":39},"end":{"line":112,"column":71}},"57":{"start":{"line":115,"column":23},"end":{"line":124,"column":3}},"58":{"start":{"line":117,"column":20},"end":{"line":121,"column":5}},"59":{"start":{"line":122,"column":4},"end":{"line":122,"column":28}},"60":{"start":{"line":123,"column":4},"end":{"line":123,"column":45}},"61":{"start":{"line":126,"column":23},"end":{"line":135,"column":3}},"62":{"start":{"line":128,"column":20},"end":{"line":132,"column":5}},"63":{"start":{"line":133,"column":4},"end":{"line":133,"column":28}},"64":{"start":{"line":134,"column":4},"end":{"line":134,"column":45}},"65":{"start":{"line":138,"column":2},"end":{"line":138,"column":17}},"66":{"start":{"line":139,"column":4},"end":{"line":139,"column":76}},"67":{"start":{"line":139,"column":60},"end":{"line":139,"column":76}},"68":{"start":{"line":140,"column":4},"end":{"line":140,"column":76}},"69":{"start":{"line":140,"column":58},"end":{"line":140,"column":76}},"70":{"start":{"line":141,"column":4},"end":{"line":151,"column":5}},"71":{"start":{"line":142,"column":6},"end":{"line":142,"column":69}},"72":{"start":{"line":143,"column":6},"end":{"line":144,"column":65}},"73":{"start":{"line":145,"column":6},"end":{"line":145,"column":21}},"74":{"start":{"line":147,"column":6},"end":{"line":147,"column":70}},"75":{"start":{"line":148,"column":6},"end":{"line":149,"column":17}},"76":{"start":{"line":150,"column":6},"end":{"line":150,"column":21}},"77":{"start":{"line":153,"column":4},"end":{"line":155,"column":6}},"78":{"start":{"line":154,"column":6},"end":{"line":154,"column":96}},"79":{"start":{"line":154,"column":58},"end":{"line":154,"column":95}},"80":{"start":{"line":156,"column":4},"end":{"line":156,"column":16}},"81":{"start":{"line":160,"column":21},"end":{"line":179,"column":3}},"82":{"start":{"line":161,"column":4},"end":{"line":178,"column":5}},"83":{"start":{"line":162,"column":6},"end":{"line":177,"column":8}},"84":{"start":{"line":166,"column":22},"end":{"line":172,"column":11}},"85":{"start":{"line":167,"column":21},"end":{"line":172,"column":9}},"86":{"start":{"line":173,"column":8},"end":{"line":173,"column":20}},"87":{"start":{"line":176,"column":8},"end":{"line":176,"column":20}}},"fnMap":{"0":{"name":"(anonymous_0)","decl":{"start":{"line":8,"column":29},"end":{"line":8,"column":30}},"loc":{"start":{"line":8,"column":47},"end":{"line":28,"column":1}},"line":8},"1":{"name":"(anonymous_1)","decl":{"start":{"line":10,"column":16},"end":{"line":10,"column":17}},"loc":{"start":{"line":10,"column":24},"end":{"line":27,"column":5}},"line":10},"2":{"name":"(anonymous_2)","decl":{"start":{"line":30,"column":20},"end":{"line":30,"column":21}},"loc":{"start":{"line":30,"column":30},"end":{"line":53,"column":1}},"line":30},"3":{"name":"(anonymous_3)","decl":{"start":{"line":55,"column":21},"end":{"line":55,"column":22}},"loc":{"start":{"line":55,"column":32},"end":{"line":57,"column":1}},"line":55},"4":{"name":"(anonymous_4)","decl":{"start":{"line":56,"column":43},"end":{"line":56,"column":44}},"loc":{"start":{"line":56,"column":51},"end":{"line":56,"column":61}},"line":56},"5":{"name":"(anonymous_5)","decl":{"start":{"line":59,"column":25},"end":{"line":59,"column":26}},"loc":{"start":{"line":59,"column":36},"end":{"line":69,"column":1}},"line":59},"6":{"name":"(anonymous_6)","decl":{"start":{"line":72,"column":2},"end":{"line":72,"column":3}},"loc":{"start":{"line":72,"column":68},"end":{"line":80,"column":3}},"line":72},"7":{"name":"(anonymous_7)","decl":{"start":{"line":76,"column":28},"end":{"line":76,"column":29}},"loc":{"start":{"line":76,"column":35},"end":{"line":76,"column":70}},"line":76},"8":{"name":"(anonymous_8)","decl":{"start":{"line":77,"column":28},"end":{"line":77,"column":29}},"loc":{"start":{"line":77,"column":35},"end":{"line":77,"column":70}},"line":77},"9":{"name":"(anonymous_9)","decl":{"start":{"line":78,"column":28},"end":{"line":78,"column":29}},"loc":{"start":{"line":78,"column":35},"end":{"line":78,"column":70}},"line":78},"10":{"name":"(anonymous_10)","decl":{"start":{"line":82,"column":23},"end":{"line":82,"column":24}},"loc":{"start":{"line":82,"column":29},"end":{"line":87,"column":3}},"line":82},"11":{"name":"(anonymous_11)","decl":{"start":{"line":89,"column":2},"end":{"line":89,"column":3}},"loc":{"start":{"line":89,"column":35},"end":{"line":113,"column":3}},"line":89},"12":{"name":"(anonymous_12)","decl":{"start":{"line":94,"column":20},"end":{"line":94,"column":21}},"loc":{"start":{"line":94,"column":25},"end":{"line":96,"column":7}},"line":94},"13":{"name":"(anonymous_13)","decl":{"start":{"line":111,"column":32},"end":{"line":111,"column":33}},"loc":{"start":{"line":111,"column":39},"end":{"line":111,"column":71}},"line":111},"14":{"name":"(anonymous_14)","decl":{"start":{"line":112,"column":32},"end":{"line":112,"column":33}},"loc":{"start":{"line":112,"column":39},"end":{"line":112,"column":71}},"line":112},"15":{"name":"(anonymous_15)","decl":{"start":{"line":115,"column":23},"end":{"line":115,"column":24}},"loc":{"start":{"line":115,"column":36},"end":{"line":124,"column":3}},"line":115},"16":{"name":"(anonymous_16)","decl":{"start":{"line":126,"column":23},"end":{"line":126,"column":24}},"loc":{"start":{"line":126,"column":36},"end":{"line":135,"column":3}},"line":126},"17":{"name":"(anonymous_17)","decl":{"start":{"line":137,"column":2},"end":{"line":137,"column":3}},"loc":{"start":{"line":137,"column":37},"end":{"line":158,"column":3}},"line":137},"18":{"name":"(anonymous_18)","decl":{"start":{"line":153,"column":18},"end":{"line":153,"column":19}},"loc":{"start":{"line":153,"column":26},"end":{"line":155,"column":5}},"line":153},"19":{"name":"(anonymous_19)","decl":{"start":{"line":154,"column":51},"end":{"line":154,"column":52}},"loc":{"start":{"line":154,"column":58},"end":{"line":154,"column":95}},"line":154},"20":{"name":"(anonymous_20)","decl":{"start":{"line":160,"column":21},"end":{"line":160,"column":22}},"loc":{"start":{"line":160,"column":27},"end":{"line":179,"column":3}},"line":160},"21":{"name":"(anonymous_21)","decl":{"start":{"line":165,"column":12},"end":{"line":165,"column":13}},"loc":{"start":{"line":165,"column":24},"end":{"line":174,"column":7}},"line":165},"22":{"name":"(anonymous_22)","decl":{"start":{"line":167,"column":13},"end":{"line":167,"column":14}},"loc":{"start":{"line":167,"column":21},"end":{"line":172,"column":9}},"line":167},"23":{"name":"(anonymous_23)","decl":{"start":{"line":175,"column":13},"end":{"line":175,"column":14}},"loc":{"start":{"line":175,"column":22},"end":{"line":177,"column":7}},"line":175}},"branchMap":{"0":{"loc":{"start":{"line":9,"column":9},"end":{"line":27,"column":11}},"type":"cond-expr","locations":[{"start":{"line":10,"column":4},"end":{"line":27,"column":6}},{"start":{"line":27,"column":9},"end":{"line":27,"column":11}}],"line":9},"1":{"loc":{"start":{"line":9,"column":10},"end":{"line":9,"column":29}},"type":"binary-expr","locations":[{"start":{"line":9,"column":10},"end":{"line":9,"column":14}},{"start":{"line":9,"column":18},"end":{"line":9,"column":29}}],"line":9},"2":{"loc":{"start":{"line":14,"column":6},"end":{"line":24,"column":7}},"type":"if","locations":[{"start":{"line":14,"column":6},"end":{"line":24,"column":7}},{"start":{"line":14,"column":6},"end":{"line":24,"column":7}}],"line":14},"3":{"loc":{"start":{"line":22,"column":10},"end":{"line":23,"column":58}},"type":"binary-expr","locations":[{"start":{"line":22,"column":11},"end":{"line":22,"column":33}},{"start":{"line":23,"column":10},"end":{"line":23,"column":58}}],"line":22},"4":{"loc":{"start":{"line":32,"column":20},"end":{"line":33,"column":40}},"type":"cond-expr","locations":[{"start":{"line":33,"column":4},"end":{"line":33,"column":35}},{"start":{"line":33,"column":38},"end":{"line":33,"column":40}}],"line":32},"5":{"loc":{"start":{"line":34,"column":19},"end":{"line":35,"column":53}},"type":"cond-expr","locations":[{"start":{"line":35,"column":2},"end":{"line":35,"column":33}},{"start":{"line":35,"column":36},"end":{"line":35,"column":53}}],"line":34},"6":{"loc":{"start":{"line":56,"column":9},"end":{"line":56,"column":76}},"type":"cond-expr","locations":[{"start":{"line":56,"column":33},"end":{"line":56,"column":71}},{"start":{"line":56,"column":74},"end":{"line":56,"column":76}}],"line":56},"7":{"loc":{"start":{"line":56,"column":9},"end":{"line":56,"column":30}},"type":"binary-expr","locations":[{"start":{"line":56,"column":9},"end":{"line":56,"column":14}},{"start":{"line":56,"column":18},"end":{"line":56,"column":30}}],"line":56},"8":{"loc":{"start":{"line":60,"column":2},"end":{"line":68,"column":3}},"type":"switch","locations":[{"start":{"line":61,"column":4},"end":{"line":62,"column":22}},{"start":{"line":63,"column":4},"end":{"line":64,"column":23}},{"start":{"line":65,"column":4},"end":{"line":66,"column":22}}],"line":60},"9":{"loc":{"start":{"line":86,"column":4},"end":{"line":86,"column":96}},"type":"if","locations":[{"start":{"line":86,"column":4},"end":{"line":86,"column":96}},{"start":{"line":86,"column":4},"end":{"line":86,"column":96}}],"line":86},"10":{"loc":{"start":{"line":91,"column":4},"end":{"line":91,"column":75}},"type":"if","locations":[{"start":{"line":91,"column":4},"end":{"line":91,"column":75}},{"start":{"line":91,"column":4},"end":{"line":91,"column":75}}],"line":91},"11":{"loc":{"start":{"line":91,"column":8},"end":{"line":91,"column":57}},"type":"binary-expr","locations":[{"start":{"line":91,"column":8},"end":{"line":91,"column":34}},{"start":{"line":91,"column":38},"end":{"line":91,"column":57}}],"line":91},"12":{"loc":{"start":{"line":92,"column":4},"end":{"line":92,"column":71}},"type":"if","locations":[{"start":{"line":92,"column":4},"end":{"line":92,"column":71}},{"start":{"line":92,"column":4},"end":{"line":92,"column":71}}],"line":92},"13":{"loc":{"start":{"line":92,"column":8},"end":{"line":92,"column":52}},"type":"binary-expr","locations":[{"start":{"line":92,"column":8},"end":{"line":92,"column":29}},{"start":{"line":92,"column":33},"end":{"line":92,"column":52}}],"line":92},"14":{"loc":{"start":{"line":93,"column":4},"end":{"line":109,"column":5}},"type":"if","locations":[{"start":{"line":93,"column":4},"end":{"line":109,"column":5}},{"start":{"line":93,"column":4},"end":{"line":109,"column":5}}],"line":93},"15":{"loc":{"start":{"line":139,"column":4},"end":{"line":139,"column":76}},"type":"if","locations":[{"start":{"line":139,"column":4},"end":{"line":139,"column":76}},{"start":{"line":139,"column":4},"end":{"line":139,"column":76}}],"line":139},"16":{"loc":{"start":{"line":139,"column":8},"end":{"line":139,"column":58}},"type":"binary-expr","locations":[{"start":{"line":139,"column":8},"end":{"line":139,"column":34}},{"start":{"line":139,"column":38},"end":{"line":139,"column":58}}],"line":139},"17":{"loc":{"start":{"line":140,"column":4},"end":{"line":140,"column":76}},"type":"if","locations":[{"start":{"line":140,"column":4},"end":{"line":140,"column":76}},{"start":{"line":140,"column":4},"end":{"line":140,"column":76}}],"line":140},"18":{"loc":{"start":{"line":140,"column":8},"end":{"line":140,"column":56}},"type":"binary-expr","locations":[{"start":{"line":140,"column":8},"end":{"line":140,"column":32}},{"start":{"line":140,"column":36},"end":{"line":140,"column":56}}],"line":140},"19":{"loc":{"start":{"line":141,"column":4},"end":{"line":151,"column":5}},"type":"if","locations":[{"start":{"line":141,"column":4},"end":{"line":151,"column":5}},{"start":{"line":141,"column":4},"end":{"line":151,"column":5}}],"line":141},"20":{"loc":{"start":{"line":161,"column":4},"end":{"line":178,"column":5}},"type":"if","locations":[{"start":{"line":161,"column":4},"end":{"line":178,"column":5}},{"start":{"line":161,"column":4},"end":{"line":178,"column":5}}],"line":161}},"s":{"0":6,"1":44,"2":104,"3":104,"4":0,"5":0,"6":104,"7":6,"8":6,"9":6,"10":6,"11":6,"12":6,"13":6,"14":6,"15":6,"16":5,"17":3,"18":1,"19":1,"20":14,"21":14,"22":14,"23":14,"24":0,"25":14,"26":0,"27":14,"28":0,"29":14,"30":14,"31":1,"32":1,"33":1,"34":1,"35":0,"36":3,"37":3,"38":2,"39":3,"40":2,"41":3,"42":2,"43":8,"44":2,"45":2,"46":2,"47":2,"48":1,"49":1,"50":1,"51":1,"52":3,"53":3,"54":0,"55":3,"56":0,"57":14,"58":1,"59":1,"60":1,"61":14,"62":1,"63":1,"64":1,"65":5,"66":5,"67":5,"68":5,"69":5,"70":5,"71":5,"72":5,"73":5,"74":0,"75":0,"76":0,"77":5,"78":20,"79":3,"80":5,"81":14,"82":5,"83":5,"84":3,"85":12,"86":3,"87":2},"f":{"0":44,"1":104,"2":6,"3":6,"4":6,"5":5,"6":14,"7":0,"8":0,"9":0,"10":1,"11":3,"12":8,"13":0,"14":0,"15":1,"16":1,"17":5,"18":20,"19":3,"20":5,"21":3,"22":12,"23":2},"b":{"0":[26,18],"1":[44,26],"2":[104,0],"3":[0,0],"4":[0,6],"5":[0,6],"6":[5,1],"7":[6,6],"8":[3,1,1],"9":[0,1],"10":[2,1],"11":[3,3],"12":[2,1],"13":[3,1],"14":[2,1],"15":[5,0],"16":[5,2],"17":[5,0],"18":[5,2],"19":[5,0],"20":[5,0]},"_coverageSchema":"1a1c01bbd47fc00a2c39e90264f33305004495a9","hash":"cd1e2c0d154bcb87f46852140a241e69a4ad13a8"}
,"C:\\Users\\overb\\OneDrive\\Documents\\Franck\\Pro\\Projets\\Projets Dev\\Formation-OpenClassroom-Projet9\\Formation-OpenClassroom-Projet9\\Billed-app-FR-Front\\src\\containers\\Login.js": {"path":"C:\\Users\\overb\\OneDrive\\Documents\\Franck\\Pro\\Projets\\Projets Dev\\Formation-OpenClassroom-Projet9\\Formation-OpenClassroom-Projet9\\Billed-app-FR-Front\\src\\containers\\Login.js","statementMap":{"0":{"start":{"line":4,"column":31},"end":{"line":4,"column":33}},"1":{"start":{"line":9,"column":4},"end":{"line":9,"column":28}},"2":{"start":{"line":10,"column":4},"end":{"line":10,"column":36}},"3":{"start":{"line":11,"column":4},"end":{"line":11,"column":32}},"4":{"start":{"line":12,"column":4},"end":{"line":12,"column":46}},"5":{"start":{"line":13,"column":4},"end":{"line":13,"column":22}},"6":{"start":{"line":14,"column":25},"end":{"line":14,"column":89}},"7":{"start":{"line":15,"column":4},"end":{"line":15,"column":70}},"8":{"start":{"line":16,"column":22},"end":{"line":16,"column":83}},"9":{"start":{"line":17,"column":4},"end":{"line":17,"column":64}},"10":{"start":{"line":19,"column":25},"end":{"line":39,"column":3}},"11":{"start":{"line":20,"column":4},"end":{"line":20,"column":22}},"12":{"start":{"line":21,"column":17},"end":{"line":26,"column":5}},"13":{"start":{"line":27,"column":4},"end":{"line":27,"column":59}},"14":{"start":{"line":28,"column":4},"end":{"line":37,"column":8}},"15":{"start":{"line":30,"column":17},"end":{"line":30,"column":38}},"16":{"start":{"line":33,"column":8},"end":{"line":33,"column":45}},"17":{"start":{"line":34,"column":8},"end":{"line":34,"column":53}},"18":{"start":{"line":35,"column":8},"end":{"line":35,"column":50}},"19":{"start":{"line":36,"column":8},"end":{"line":36,"column":55}},"20":{"start":{"line":41,"column":22},"end":{"line":60,"column":3}},"21":{"start":{"line":42,"column":4},"end":{"line":42,"column":22}},"22":{"start":{"line":43,"column":17},"end":{"line":48,"column":5}},"23":{"start":{"line":49,"column":4},"end":{"line":49,"column":59}},"24":{"start":{"line":50,"column":4},"end":{"line":59,"column":8}},"25":{"start":{"line":52,"column":17},"end":{"line":52,"column":38}},"26":{"start":{"line":55,"column":8},"end":{"line":55,"column":49}},"27":{"start":{"line":56,"column":8},"end":{"line":56,"column":57}},"28":{"start":{"line":57,"column":8},"end":{"line":57,"column":50}},"29":{"start":{"line":58,"column":8},"end":{"line":58,"column":50}},"30":{"start":{"line":63,"column":10},"end":{"line":75,"column":3}},"31":{"start":{"line":64,"column":4},"end":{"line":74,"column":5}},"32":{"start":{"line":65,"column":6},"end":{"line":71,"column":8}},"33":{"start":{"line":70,"column":8},"end":{"line":70,"column":40}},"34":{"start":{"line":73,"column":6},"end":{"line":73,"column":17}},"35":{"start":{"line":78,"column":15},"end":{"line":95,"column":3}},"36":{"start":{"line":79,"column":4},"end":{"line":94,"column":5}},"37":{"start":{"line":80,"column":6},"end":{"line":91,"column":8}},"38":{"start":{"line":89,"column":8},"end":{"line":89,"column":57}},"39":{"start":{"line":90,"column":8},"end":{"line":90,"column":31}},"40":{"start":{"line":93,"column":6},"end":{"line":93,"column":17}}},"fnMap":{"0":{"name":"(anonymous_0)","decl":{"start":{"line":8,"column":2},"end":{"line":8,"column":3}},"loc":{"start":{"line":8,"column":80},"end":{"line":18,"column":3}},"line":8},"1":{"name":"(anonymous_1)","decl":{"start":{"line":19,"column":25},"end":{"line":19,"column":26}},"loc":{"start":{"line":19,"column":30},"end":{"line":39,"column":3}},"line":19},"2":{"name":"(anonymous_2)","decl":{"start":{"line":30,"column":8},"end":{"line":30,"column":9}},"loc":{"start":{"line":30,"column":17},"end":{"line":30,"column":38}},"line":30},"3":{"name":"(anonymous_3)","decl":{"start":{"line":32,"column":12},"end":{"line":32,"column":13}},"loc":{"start":{"line":32,"column":18},"end":{"line":37,"column":7}},"line":32},"4":{"name":"(anonymous_4)","decl":{"start":{"line":41,"column":22},"end":{"line":41,"column":23}},"loc":{"start":{"line":41,"column":27},"end":{"line":60,"column":3}},"line":41},"5":{"name":"(anonymous_5)","decl":{"start":{"line":52,"column":8},"end":{"line":52,"column":9}},"loc":{"start":{"line":52,"column":17},"end":{"line":52,"column":38}},"line":52},"6":{"name":"(anonymous_6)","decl":{"start":{"line":54,"column":12},"end":{"line":54,"column":13}},"loc":{"start":{"line":54,"column":18},"end":{"line":59,"column":7}},"line":54},"7":{"name":"(anonymous_7)","decl":{"start":{"line":63,"column":10},"end":{"line":63,"column":11}},"loc":{"start":{"line":63,"column":20},"end":{"line":75,"column":3}},"line":63},"8":{"name":"(anonymous_8)","decl":{"start":{"line":69,"column":15},"end":{"line":69,"column":16}},"loc":{"start":{"line":69,"column":26},"end":{"line":71,"column":7}},"line":69},"9":{"name":"(anonymous_9)","decl":{"start":{"line":78,"column":15},"end":{"line":78,"column":16}},"loc":{"start":{"line":78,"column":25},"end":{"line":95,"column":3}},"line":78},"10":{"name":"(anonymous_10)","decl":{"start":{"line":88,"column":12},"end":{"line":88,"column":13}},"loc":{"start":{"line":88,"column":18},"end":{"line":91,"column":7}},"line":88}},"branchMap":{"0":{"loc":{"start":{"line":64,"column":4},"end":{"line":74,"column":5}},"type":"if","locations":[{"start":{"line":64,"column":4},"end":{"line":74,"column":5}},{"start":{"line":64,"column":4},"end":{"line":74,"column":5}}],"line":64},"1":{"loc":{"start":{"line":79,"column":4},"end":{"line":94,"column":5}},"type":"if","locations":[{"start":{"line":79,"column":4},"end":{"line":94,"column":5}},{"start":{"line":79,"column":4},"end":{"line":94,"column":5}}],"line":79}},"s":{"0":3,"1":4,"2":4,"3":4,"4":4,"5":4,"6":4,"7":4,"8":4,"9":4,"10":4,"11":2,"12":2,"13":2,"14":2,"15":0,"16":2,"17":2,"18":2,"19":2,"20":4,"21":2,"22":2,"23":2,"24":2,"25":0,"26":2,"27":2,"28":2,"29":2,"30":4,"31":0,"32":0,"33":0,"34":0,"35":4,"36":0,"37":0,"38":0,"39":0,"40":0},"f":{"0":4,"1":2,"2":0,"3":2,"4":2,"5":0,"6":2,"7":0,"8":0,"9":0,"10":0},"b":{"0":[0,0],"1":[0,0]},"_coverageSchema":"1a1c01bbd47fc00a2c39e90264f33305004495a9","hash":"91f152cdcb7b46bad7c71dec6085d24b0b4d1673"}
,"C:\\Users\\overb\\OneDrive\\Documents\\Franck\\Pro\\Projets\\Projets Dev\\Formation-OpenClassroom-Projet9\\Formation-OpenClassroom-Projet9\\Billed-app-FR-Front\\src\\containers\\Logout.js": {"path":"C:\\Users\\overb\\OneDrive\\Documents\\Franck\\Pro\\Projets\\Projets Dev\\Formation-OpenClassroom-Projet9\\Formation-OpenClassroom-Projet9\\Billed-app-FR-Front\\src\\containers\\Logout.js","statementMap":{"0":{"start":{"line":5,"column":4},"end":{"line":5,"column":28}},"1":{"start":{"line":6,"column":4},"end":{"line":6,"column":32}},"2":{"start":{"line":7,"column":4},"end":{"line":7,"column":36}},"3":{"start":{"line":8,"column":4},"end":{"line":8,"column":51}},"4":{"start":{"line":11,"column":16},"end":{"line":14,"column":3}},"5":{"start":{"line":12,"column":4},"end":{"line":12,"column":29}},"6":{"start":{"line":13,"column":4},"end":{"line":13,"column":41}}},"fnMap":{"0":{"name":"(anonymous_0)","decl":{"start":{"line":4,"column":2},"end":{"line":4,"column":3}},"loc":{"start":{"line":4,"column":54},"end":{"line":9,"column":3}},"line":4},"1":{"name":"(anonymous_1)","decl":{"start":{"line":11,"column":16},"end":{"line":11,"column":17}},"loc":{"start":{"line":11,"column":23},"end":{"line":14,"column":3}},"line":11}},"branchMap":{},"s":{"0":22,"1":22,"2":22,"3":22,"4":22,"5":2,"6":2},"f":{"0":22,"1":2},"b":{},"_coverageSchema":"1a1c01bbd47fc00a2c39e90264f33305004495a9","hash":"8db73b32509a72baeebd19f7a0aeda5afd22e9e4"}
,"C:\\Users\\overb\\OneDrive\\Documents\\Franck\\Pro\\Projets\\Projets Dev\\Formation-OpenClassroom-Projet9\\Formation-OpenClassroom-Projet9\\Billed-app-FR-Front\\src\\containers\\NewBill.js": {"path":"C:\\Users\\overb\\OneDrive\\Documents\\Franck\\Pro\\Projets\\Projets Dev\\Formation-OpenClassroom-Projet9\\Formation-OpenClassroom-Projet9\\Billed-app-FR-Front\\src\\containers\\NewBill.js","statementMap":{"0":{"start":{"line":6,"column":4},"end":{"line":6,"column":29}},"1":{"start":{"line":7,"column":4},"end":{"line":7,"column":33}},"2":{"start":{"line":8,"column":4},"end":{"line":8,"column":23}},"3":{"start":{"line":9,"column":24},"end":{"line":11,"column":5}},"4":{"start":{"line":12,"column":4},"end":{"line":12,"column":62}},"5":{"start":{"line":13,"column":17},"end":{"line":13,"column":73}},"6":{"start":{"line":14,"column":4},"end":{"line":14,"column":59}},"7":{"start":{"line":15,"column":4},"end":{"line":15,"column":24}},"8":{"start":{"line":16,"column":4},"end":{"line":16,"column":25}},"9":{"start":{"line":17,"column":4},"end":{"line":17,"column":23}},"10":{"start":{"line":18,"column":4},"end":{"line":18,"column":55}},"11":{"start":{"line":20,"column":21},"end":{"line":61,"column":3}},"12":{"start":{"line":21,"column":4},"end":{"line":21,"column":23}},"13":{"start":{"line":22,"column":15},"end":{"line":23,"column":15}},"14":{"start":{"line":24,"column":21},"end":{"line":24,"column":48}},"15":{"start":{"line":25,"column":21},"end":{"line":25,"column":50}},"16":{"start":{"line":26,"column":26},"end":{"line":26,"column":51}},"17":{"start":{"line":27,"column":27},"end":{"line":27,"column":49}},"18":{"start":{"line":29,"column":33},"end":{"line":31,"column":5}},"19":{"start":{"line":30,"column":6},"end":{"line":30,"column":79}},"20":{"start":{"line":30,"column":42},"end":{"line":30,"column":77}},"21":{"start":{"line":33,"column":4},"end":{"line":40,"column":5}},"22":{"start":{"line":34,"column":6},"end":{"line":34,"column":58}},"23":{"start":{"line":35,"column":6},"end":{"line":35,"column":73}},"24":{"start":{"line":36,"column":6},"end":{"line":38,"column":8}},"25":{"start":{"line":39,"column":6},"end":{"line":39,"column":13}},"26":{"start":{"line":42,"column":21},"end":{"line":42,"column":35}},"27":{"start":{"line":43,"column":18},"end":{"line":43,"column":64}},"28":{"start":{"line":44,"column":4},"end":{"line":44,"column":34}},"29":{"start":{"line":45,"column":4},"end":{"line":45,"column":36}},"30":{"start":{"line":46,"column":4},"end":{"line":60,"column":46}},"31":{"start":{"line":55,"column":8},"end":{"line":55,"column":29}},"32":{"start":{"line":56,"column":8},"end":{"line":56,"column":26}},"33":{"start":{"line":57,"column":8},"end":{"line":57,"column":31}},"34":{"start":{"line":58,"column":8},"end":{"line":58,"column":33}},"35":{"start":{"line":60,"column":24},"end":{"line":60,"column":44}},"36":{"start":{"line":62,"column":17},"end":{"line":89,"column":3}},"37":{"start":{"line":63,"column":4},"end":{"line":63,"column":23}},"38":{"start":{"line":64,"column":4},"end":{"line":67,"column":6}},"39":{"start":{"line":68,"column":18},"end":{"line":68,"column":64}},"40":{"start":{"line":69,"column":17},"end":{"line":86,"column":5}},"41":{"start":{"line":87,"column":4},"end":{"line":87,"column":26}},"42":{"start":{"line":88,"column":4},"end":{"line":88,"column":42}},"43":{"start":{"line":92,"column":15},"end":{"line":102,"column":3}},"44":{"start":{"line":93,"column":4},"end":{"line":101,"column":5}},"45":{"start":{"line":94,"column":6},"end":{"line":100,"column":48}},"46":{"start":{"line":98,"column":10},"end":{"line":98,"column":48}},"47":{"start":{"line":100,"column":26},"end":{"line":100,"column":46}}},"fnMap":{"0":{"name":"(anonymous_0)","decl":{"start":{"line":5,"column":2},"end":{"line":5,"column":3}},"loc":{"start":{"line":5,"column":61},"end":{"line":19,"column":3}},"line":5},"1":{"name":"(anonymous_1)","decl":{"start":{"line":20,"column":21},"end":{"line":20,"column":22}},"loc":{"start":{"line":20,"column":28},"end":{"line":61,"column":3}},"line":20},"2":{"name":"(anonymous_2)","decl":{"start":{"line":29,"column":33},"end":{"line":29,"column":34}},"loc":{"start":{"line":29,"column":52},"end":{"line":31,"column":5}},"line":29},"3":{"name":"(anonymous_3)","decl":{"start":{"line":30,"column":33},"end":{"line":30,"column":34}},"loc":{"start":{"line":30,"column":42},"end":{"line":30,"column":77}},"line":30},"4":{"name":"(anonymous_4)","decl":{"start":{"line":54,"column":12},"end":{"line":54,"column":13}},"loc":{"start":{"line":54,"column":34},"end":{"line":59,"column":7}},"line":54},"5":{"name":"(anonymous_5)","decl":{"start":{"line":60,"column":13},"end":{"line":60,"column":14}},"loc":{"start":{"line":60,"column":24},"end":{"line":60,"column":44}},"line":60},"6":{"name":"(anonymous_6)","decl":{"start":{"line":62,"column":17},"end":{"line":62,"column":18}},"loc":{"start":{"line":62,"column":24},"end":{"line":89,"column":3}},"line":62},"7":{"name":"(anonymous_7)","decl":{"start":{"line":92,"column":15},"end":{"line":92,"column":16}},"loc":{"start":{"line":92,"column":25},"end":{"line":102,"column":3}},"line":92},"8":{"name":"(anonymous_8)","decl":{"start":{"line":97,"column":14},"end":{"line":97,"column":15}},"loc":{"start":{"line":97,"column":20},"end":{"line":99,"column":9}},"line":97},"9":{"name":"(anonymous_9)","decl":{"start":{"line":100,"column":15},"end":{"line":100,"column":16}},"loc":{"start":{"line":100,"column":26},"end":{"line":100,"column":46}},"line":100}},"branchMap":{"0":{"loc":{"start":{"line":33,"column":4},"end":{"line":40,"column":5}},"type":"if","locations":[{"start":{"line":33,"column":4},"end":{"line":40,"column":5}},{"start":{"line":33,"column":4},"end":{"line":40,"column":5}}],"line":33},"1":{"loc":{"start":{"line":79,"column":8},"end":{"line":80,"column":10}},"type":"binary-expr","locations":[{"start":{"line":79,"column":8},"end":{"line":79,"column":74}},{"start":{"line":80,"column":8},"end":{"line":80,"column":10}}],"line":79},"2":{"loc":{"start":{"line":93,"column":4},"end":{"line":101,"column":5}},"type":"if","locations":[{"start":{"line":93,"column":4},"end":{"line":101,"column":5}},{"start":{"line":93,"column":4},"end":{"line":101,"column":5}}],"line":93}},"s":{"0":3,"1":3,"2":3,"3":3,"4":3,"5":3,"6":3,"7":3,"8":3,"9":3,"10":3,"11":3,"12":1,"13":1,"14":1,"15":1,"16":1,"17":1,"18":1,"19":1,"20":1,"21":1,"22":0,"23":0,"24":0,"25":0,"26":1,"27":1,"28":1,"29":1,"30":1,"31":1,"32":1,"33":1,"34":1,"35":0,"36":3,"37":1,"38":1,"39":1,"40":1,"41":1,"42":1,"43":3,"44":0,"45":0,"46":0,"47":0},"f":{"0":3,"1":1,"2":1,"3":1,"4":1,"5":0,"6":1,"7":0,"8":0,"9":0},"b":{"0":[0,1],"1":[1,0],"2":[0,0]},"_coverageSchema":"1a1c01bbd47fc00a2c39e90264f33305004495a9","hash":"7460cc110027be0cc1b16eea161fbdc39f4996e4"}
,"C:\\Users\\overb\\OneDrive\\Documents\\Franck\\Pro\\Projets\\Projets Dev\\Formation-OpenClassroom-Projet9\\Formation-OpenClassroom-Projet9\\Billed-app-FR-Front\\src\\views\\Actions.js": {"path":"C:\\Users\\overb\\OneDrive\\Documents\\Franck\\Pro\\Projets\\Projets Dev\\Formation-OpenClassroom-Projet9\\Formation-OpenClassroom-Projet9\\Billed-app-FR-Front\\src\\views\\Actions.js","statementMap":{"0":{"start":{"line":5,"column":2},"end":{"line":11,"column":3}}},"fnMap":{"0":{"name":"(anonymous_0)","decl":{"start":{"line":4,"column":15},"end":{"line":4,"column":16}},"loc":{"start":{"line":4,"column":28},"end":{"line":12,"column":1}},"line":4}},"branchMap":{},"s":{"0":6},"f":{"0":6},"b":{},"_coverageSchema":"1a1c01bbd47fc00a2c39e90264f33305004495a9","hash":"012948de1c0edbb57d522a3786b1e6964498b583"}
,"C:\\Users\\overb\\OneDrive\\Documents\\Franck\\Pro\\Projets\\Projets Dev\\Formation-OpenClassroom-Projet9\\Formation-OpenClassroom-Projet9\\Billed-app-FR-Front\\src\\views\\BillsUI.js": {"path":"C:\\Users\\overb\\OneDrive\\Documents\\Franck\\Pro\\Projets\\Projets Dev\\Formation-OpenClassroom-Projet9\\Formation-OpenClassroom-Projet9\\Billed-app-FR-Front\\src\\views\\BillsUI.js","statementMap":{"0":{"start":{"line":7,"column":12},"end":{"line":20,"column":1}},"1":{"start":{"line":8,"column":2},"end":{"line":19,"column":6}},"2":{"start":{"line":26,"column":13},"end":{"line":32,"column":1}},"3":{"start":{"line":27,"column":2},"end":{"line":31,"column":3}},"4":{"start":{"line":28,"column":4},"end":{"line":28,"column":51}},"5":{"start":{"line":28,"column":24},"end":{"line":28,"column":49}},"6":{"start":{"line":29,"column":4},"end":{"line":29,"column":50}},"7":{"start":{"line":29,"column":30},"end":{"line":29,"column":39}},"8":{"start":{"line":35,"column":16},"end":{"line":50,"column":3}},"9":{"start":{"line":35,"column":22},"end":{"line":50,"column":3}},"10":{"start":{"line":52,"column":2},"end":{"line":56,"column":3}},"11":{"start":{"line":53,"column":4},"end":{"line":53,"column":25}},"12":{"start":{"line":54,"column":9},"end":{"line":56,"column":3}},"13":{"start":{"line":55,"column":4},"end":{"line":55,"column":28}},"14":{"start":{"line":58,"column":2},"end":{"line":85,"column":12}}},"fnMap":{"0":{"name":"(anonymous_0)","decl":{"start":{"line":7,"column":12},"end":{"line":7,"column":13}},"loc":{"start":{"line":7,"column":22},"end":{"line":20,"column":1}},"line":7},"1":{"name":"(anonymous_1)","decl":{"start":{"line":26,"column":13},"end":{"line":26,"column":14}},"loc":{"start":{"line":26,"column":23},"end":{"line":32,"column":1}},"line":26},"2":{"name":"(anonymous_2)","decl":{"start":{"line":28,"column":14},"end":{"line":28,"column":15}},"loc":{"start":{"line":28,"column":24},"end":{"line":28,"column":49}},"line":28},"3":{"name":"(anonymous_3)","decl":{"start":{"line":29,"column":20},"end":{"line":29,"column":21}},"loc":{"start":{"line":29,"column":30},"end":{"line":29,"column":39}},"line":29},"4":{"name":"(anonymous_4)","decl":{"start":{"line":34,"column":15},"end":{"line":34,"column":16}},"loc":{"start":{"line":34,"column":52},"end":{"line":86,"column":1}},"line":34},"5":{"name":"(anonymous_5)","decl":{"start":{"line":35,"column":16},"end":{"line":35,"column":17}},"loc":{"start":{"line":35,"column":22},"end":{"line":50,"column":3}},"line":35}},"branchMap":{"0":{"loc":{"start":{"line":27,"column":2},"end":{"line":31,"column":3}},"type":"if","locations":[{"start":{"line":27,"column":2},"end":{"line":31,"column":3}},{"start":{"line":27,"column":2},"end":{"line":31,"column":3}}],"line":27},"1":{"loc":{"start":{"line":27,"column":6},"end":{"line":27,"column":25}},"type":"binary-expr","locations":[{"start":{"line":27,"column":6},"end":{"line":27,"column":10}},{"start":{"line":27,"column":14},"end":{"line":27,"column":25}}],"line":27},"2":{"loc":{"start":{"line":28,"column":24},"end":{"line":28,"column":49}},"type":"cond-expr","locations":[{"start":{"line":28,"column":43},"end":{"line":28,"column":44}},{"start":{"line":28,"column":47},"end":{"line":28,"column":49}}],"line":28},"3":{"loc":{"start":{"line":52,"column":2},"end":{"line":56,"column":3}},"type":"if","locations":[{"start":{"line":52,"column":2},"end":{"line":56,"column":3}},{"start":{"line":52,"column":2},"end":{"line":56,"column":3}}],"line":52},"4":{"loc":{"start":{"line":54,"column":9},"end":{"line":56,"column":3}},"type":"if","locations":[{"start":{"line":54,"column":9},"end":{"line":56,"column":3}},{"start":{"line":54,"column":9},"end":{"line":56,"column":3}}],"line":54}},"s":{"0":6,"1":4,"2":6,"3":4,"4":1,"5":6,"6":1,"7":4,"8":6,"9":4,"10":6,"11":1,"12":5,"13":1,"14":4},"f":{"0":4,"1":4,"2":6,"3":4,"4":6,"5":4},"b":{"0":[1,3],"1":[4,2],"2":[3,3],"3":[1,5],"4":[1,4]},"_coverageSchema":"1a1c01bbd47fc00a2c39e90264f33305004495a9","hash":"ee9112d507148209933aaad5c2b87b760c2796f0"}
,"C:\\Users\\overb\\OneDrive\\Documents\\Franck\\Pro\\Projets\\Projets Dev\\Formation-OpenClassroom-Projet9\\Formation-OpenClassroom-Projet9\\Billed-app-FR-Front\\src\\views\\DashboardFormUI.js": {"path":"C:\\Users\\overb\\OneDrive\\Documents\\Franck\\Pro\\Projets\\Projets Dev\\Formation-OpenClassroom-Projet9\\Formation-OpenClassroom-Projet9\\Billed-app-FR-Front\\src\\views\\DashboardFormUI.js","statementMap":{"0":{"start":{"line":7,"column":21},"end":{"line":22,"column":4}},"1":{"start":{"line":7,"column":28},"end":{"line":22,"column":3}},"2":{"start":{"line":26,"column":2},"end":{"line":101,"column":4}}},"fnMap":{"0":{"name":"(anonymous_0)","decl":{"start":{"line":7,"column":21},"end":{"line":7,"column":22}},"loc":{"start":{"line":7,"column":28},"end":{"line":22,"column":3}},"line":7},"1":{"name":"(anonymous_1)","decl":{"start":{"line":24,"column":15},"end":{"line":24,"column":16}},"loc":{"start":{"line":24,"column":25},"end":{"line":102,"column":1}},"line":24}},"branchMap":{"0":{"loc":{"start":{"line":79,"column":9},"end":{"line":89,"column":9}},"type":"cond-expr","locations":[{"start":{"line":79,"column":38},"end":{"line":84,"column":8}},{"start":{"line":84,"column":13},"end":{"line":89,"column":8}}],"line":79},"1":{"loc":{"start":{"line":92,"column":8},"end":{"line":97,"column":13}},"type":"cond-expr","locations":[{"start":{"line":92,"column":37},"end":{"line":97,"column":7}},{"start":{"line":97,"column":11},"end":{"line":97,"column":13}}],"line":92}},"s":{"0":7,"1":9,"2":9},"f":{"0":9,"1":9},"b":{"0":[6,3],"1":[6,3]},"_coverageSchema":"1a1c01bbd47fc00a2c39e90264f33305004495a9","hash":"6c8b290b84db3c2cf54a37dc504490aba3c2c47b"}
,"C:\\Users\\overb\\OneDrive\\Documents\\Franck\\Pro\\Projets\\Projets Dev\\Formation-OpenClassroom-Projet9\\Formation-OpenClassroom-Projet9\\Billed-app-FR-Front\\src\\views\\DashboardUI.js": {"path":"C:\\Users\\overb\\OneDrive\\Documents\\Franck\\Pro\\Projets\\Projets Dev\\Formation-OpenClassroom-Projet9\\Formation-OpenClassroom-Projet9\\Billed-app-FR-Front\\src\\views\\DashboardUI.js","statementMap":{"0":{"start":{"line":10,"column":2},"end":{"line":14,"column":3}},"1":{"start":{"line":11,"column":4},"end":{"line":11,"column":24}},"2":{"start":{"line":12,"column":9},"end":{"line":14,"column":3}},"3":{"start":{"line":13,"column":4},"end":{"line":13,"column":27}},"4":{"start":{"line":16,"column":2},"end":{"line":48,"column":3}}},"fnMap":{"0":{"name":"(anonymous_0)","decl":{"start":{"line":8,"column":15},"end":{"line":8,"column":16}},"loc":{"start":{"line":8,"column":45},"end":{"line":49,"column":1}},"line":8}},"branchMap":{"0":{"loc":{"start":{"line":10,"column":2},"end":{"line":14,"column":3}},"type":"if","locations":[{"start":{"line":10,"column":2},"end":{"line":14,"column":3}},{"start":{"line":10,"column":2},"end":{"line":14,"column":3}}],"line":10},"1":{"loc":{"start":{"line":12,"column":9},"end":{"line":14,"column":3}},"type":"if","locations":[{"start":{"line":12,"column":9},"end":{"line":14,"column":3}},{"start":{"line":12,"column":9},"end":{"line":14,"column":3}}],"line":12},"2":{"loc":{"start":{"line":22,"column":45},"end":{"line":22,"column":63}},"type":"binary-expr","locations":[{"start":{"line":22,"column":45},"end":{"line":22,"column":49}},{"start":{"line":22,"column":53},"end":{"line":22,"column":63}}],"line":22},"3":{"loc":{"start":{"line":29,"column":43},"end":{"line":29,"column":61}},"type":"binary-expr","locations":[{"start":{"line":29,"column":43},"end":{"line":29,"column":47}},{"start":{"line":29,"column":51},"end":{"line":29,"column":61}}],"line":29},"4":{"loc":{"start":{"line":36,"column":43},"end":{"line":36,"column":61}},"type":"binary-expr","locations":[{"start":{"line":36,"column":43},"end":{"line":36,"column":47}},{"start":{"line":36,"column":51},"end":{"line":36,"column":61}}],"line":36}},"s":{"0":21,"1":6,"2":15,"3":3,"4":12},"f":{"0":21},"b":{"0":[6,15],"1":[3,12],"2":[12,7],"3":[12,7],"4":[12,7]},"_coverageSchema":"1a1c01bbd47fc00a2c39e90264f33305004495a9","hash":"ac76c7b424f3e89df4f593c39b76a0c4a2ecf6aa"}
,"C:\\Users\\overb\\OneDrive\\Documents\\Franck\\Pro\\Projets\\Projets Dev\\Formation-OpenClassroom-Projet9\\Formation-OpenClassroom-Projet9\\Billed-app-FR-Front\\src\\views\\ErrorPage.js": {"path":"C:\\Users\\overb\\OneDrive\\Documents\\Franck\\Pro\\Projets\\Projets Dev\\Formation-OpenClassroom-Projet9\\Formation-OpenClassroom-Projet9\\Billed-app-FR-Front\\src\\views\\ErrorPage.js","statementMap":{"0":{"start":{"line":4,"column":2},"end":{"line":15,"column":3}}},"fnMap":{"0":{"name":"(anonymous_0)","decl":{"start":{"line":3,"column":15},"end":{"line":3,"column":16}},"loc":{"start":{"line":3,"column":26},"end":{"line":16,"column":1}},"line":3}},"branchMap":{"0":{"loc":{"start":{"line":12,"column":12},"end":{"line":12,"column":30}},"type":"cond-expr","locations":[{"start":{"line":12,"column":20},"end":{"line":12,"column":25}},{"start":{"line":12,"column":28},"end":{"line":12,"column":30}}],"line":12}},"s":{"0":6},"f":{"0":6},"b":{"0":[5,1]},"_coverageSchema":"1a1c01bbd47fc00a2c39e90264f33305004495a9","hash":"952af9889d1583f47ab04bb85471d08e031572a1"}
,"C:\\Users\\overb\\OneDrive\\Documents\\Franck\\Pro\\Projets\\Projets Dev\\Formation-OpenClassroom-Projet9\\Formation-OpenClassroom-Projet9\\Billed-app-FR-Front\\src\\views\\LoadingPage.js": {"path":"C:\\Users\\overb\\OneDrive\\Documents\\Franck\\Pro\\Projets\\Projets Dev\\Formation-OpenClassroom-Projet9\\Formation-OpenClassroom-Projet9\\Billed-app-FR-Front\\src\\views\\LoadingPage.js","statementMap":{"0":{"start":{"line":5,"column":2},"end":{"line":12,"column":3}}},"fnMap":{"0":{"name":"(anonymous_0)","decl":{"start":{"line":3,"column":15},"end":{"line":3,"column":16}},"loc":{"start":{"line":3,"column":21},"end":{"line":13,"column":1}},"line":3}},"branchMap":{},"s":{"0":8},"f":{"0":8},"b":{},"_coverageSchema":"1a1c01bbd47fc00a2c39e90264f33305004495a9","hash":"f258f6a21cb5fd2bf5e56a760b565309770a3fd0"}
,"C:\\Users\\overb\\OneDrive\\Documents\\Franck\\Pro\\Projets\\Projets Dev\\Formation-OpenClassroom-Projet9\\Formation-OpenClassroom-Projet9\\Billed-app-FR-Front\\src\\views\\LoginUI.js": {"path":"C:\\Users\\overb\\OneDrive\\Documents\\Franck\\Pro\\Projets\\Projets Dev\\Formation-OpenClassroom-Projet9\\Formation-OpenClassroom-Projet9\\Billed-app-FR-Front\\src\\views\\LoginUI.js","statementMap":{"0":{"start":{"line":4,"column":2},"end":{"line":46,"column":4}}},"fnMap":{"0":{"name":"(anonymous_0)","decl":{"start":{"line":2,"column":15},"end":{"line":2,"column":16}},"loc":{"start":{"line":2,"column":21},"end":{"line":47,"column":1}},"line":2}},"branchMap":{},"s":{"0":14},"f":{"0":14},"b":{},"_coverageSchema":"1a1c01bbd47fc00a2c39e90264f33305004495a9","hash":"e82402493c83f2855ba2f21b4e5194feff4cbdea"}
,"C:\\Users\\overb\\OneDrive\\Documents\\Franck\\Pro\\Projets\\Projets Dev\\Formation-OpenClassroom-Projet9\\Formation-OpenClassroom-Projet9\\Billed-app-FR-Front\\src\\views\\NewBillUI.js": {"path":"C:\\Users\\overb\\OneDrive\\Documents\\Franck\\Pro\\Projets\\Projets Dev\\Formation-OpenClassroom-Projet9\\Formation-OpenClassroom-Projet9\\Billed-app-FR-Front\\src\\views\\NewBillUI.js","statementMap":{"0":{"start":{"line":5,"column":2},"end":{"line":73,"column":4}}},"fnMap":{"0":{"name":"(anonymous_0)","decl":{"start":{"line":3,"column":15},"end":{"line":3,"column":16}},"loc":{"start":{"line":3,"column":21},"end":{"line":74,"column":1}},"line":3}},"branchMap":{},"s":{"0":4},"f":{"0":4},"b":{},"_coverageSchema":"1a1c01bbd47fc00a2c39e90264f33305004495a9","hash":"d73483117578400c612eee4c907c6b78d6b9cfc3"}
,"C:\\Users\\overb\\OneDrive\\Documents\\Franck\\Pro\\Projets\\Projets Dev\\Formation-OpenClassroom-Projet9\\Formation-OpenClassroom-Projet9\\Billed-app-FR-Front\\src\\views\\VerticalLayout.js": {"path":"C:\\Users\\overb\\OneDrive\\Documents\\Franck\\Pro\\Projets\\Projets Dev\\Formation-OpenClassroom-Projet9\\Formation-OpenClassroom-Projet9\\Billed-app-FR-Front\\src\\views\\VerticalLayout.js","statementMap":{"0":{"start":{"line":7,"column":4},"end":{"line":7,"column":51}},"1":{"start":{"line":8,"column":4},"end":{"line":10,"column":5}},"2":{"start":{"line":9,"column":6},"end":{"line":9,"column":29}},"3":{"start":{"line":11,"column":4},"end":{"line":39,"column":5}},"4":{"start":{"line":12,"column":6},"end":{"line":27,"column":7}},"5":{"start":{"line":29,"column":6},"end":{"line":38,"column":7}}},"fnMap":{"0":{"name":"(anonymous_0)","decl":{"start":{"line":5,"column":15},"end":{"line":5,"column":16}},"loc":{"start":{"line":5,"column":27},"end":{"line":40,"column":1}},"line":5}},"branchMap":{"0":{"loc":{"start":{"line":8,"column":4},"end":{"line":10,"column":5}},"type":"if","locations":[{"start":{"line":8,"column":4},"end":{"line":10,"column":5}},{"start":{"line":8,"column":4},"end":{"line":10,"column":5}}],"line":8},"1":{"loc":{"start":{"line":11,"column":4},"end":{"line":39,"column":5}},"type":"if","locations":[{"start":{"line":11,"column":4},"end":{"line":39,"column":5}},{"start":{"line":11,"column":4},"end":{"line":39,"column":5}}],"line":11},"2":{"loc":{"start":{"line":11,"column":8},"end":{"line":11,"column":40}},"type":"binary-expr","locations":[{"start":{"line":11,"column":8},"end":{"line":11,"column":12}},{"start":{"line":11,"column":16},"end":{"line":11,"column":40}}],"line":11}},"s":{"0":35,"1":35,"2":20,"3":35,"4":4,"5":31},"f":{"0":35},"b":{"0":[20,15],"1":[4,31],"2":[35,22]},"_coverageSchema":"1a1c01bbd47fc00a2c39e90264f33305004495a9","hash":"b4fafe7c521a2a36b1949c1cff01a15e9e7035de"}
}
