TN:
SF:src\constants\routes.js
FN:13,(anonymous_0)
FNF:1
FNH:1
FNDA:26,(anonymous_0)
DA:6,6
DA:13,6
DA:14,26
DA:16,7
DA:18,5
DA:20,1
DA:22,12
DA:24,1
LF:8
LH:8
BRDA:14,0,0,7
BRDA:14,0,1,5
BRDA:14,0,2,1
BRDA:14,0,3,12
BRDA:14,0,4,1
BRF:5
BRH:5
end_of_record
TN:
SF:src\constants\usersTest.js
FNF:0
FNH:0
LF:0
LH:0
BRF:0
BRH:0
end_of_record
TN:
SF:src\containers\Bills.js
FN:6,(anonymous_0)
FN:17,(anonymous_1)
FN:18,(anonymous_2)
FN:23,(anonymous_3)
FN:27,(anonymous_4)
FN:38,(anonymous_5)
FN:43,(anonymous_6)
FN:44,(anonymous_7)
FN:65,(anonymous_8)
FNF:9
FNH:6
FNDA:4,(anonymous_0)
FNDA:12,(anonymous_1)
FNDA:0,(anonymous_2)
FNDA:0,(anonymous_3)
FNDA:0,(anonymous_4)
FNDA:4,(anonymous_5)
FNDA:1,(anonymous_6)
FNDA:4,(anonymous_7)
FNDA:3,(anonymous_8)
DA:7,4
DA:8,4
DA:9,4
DA:10,4
DA:13,4
DA:14,3
DA:15,4
DA:16,4
DA:17,4
DA:18,12
DA:20,4
DA:23,4
DA:24,0
DA:27,4
DA:28,0
DA:29,0
DA:30,0
DA:35,0
DA:38,4
DA:39,4
DA:40,4
DA:44,1
DA:45,4
DA:46,4
DA:54,0
DA:55,0
DA:62,1
DA:63,1
DA:66,3
DA:70,2
DA:76,1
LF:31
LH:24
BRDA:13,0,0,3
BRDA:13,0,1,1
BRDA:16,1,0,4
BRDA:16,1,1,0
BRDA:39,2,0,4
BRDA:39,2,1,0
BRDA:66,3,0,2
BRDA:66,3,1,1
BRDA:66,4,0,3
BRDA:66,4,1,2
BRDA:66,4,2,1
BRDA:71,5,0,1
BRDA:71,5,1,1
BRF:13
BRH:11
end_of_record
TN:
SF:src\containers\Dashboard.js
FN:8,(anonymous_0)
FN:10,(anonymous_1)
FN:30,(anonymous_2)
FN:55,(anonymous_3)
FN:56,(anonymous_4)
FN:59,(anonymous_5)
FN:72,(anonymous_6)
FN:76,(anonymous_7)
FN:77,(anonymous_8)
FN:78,(anonymous_9)
FN:82,(anonymous_10)
FN:89,(anonymous_11)
FN:94,(anonymous_12)
FN:111,(anonymous_13)
FN:112,(anonymous_14)
FN:115,(anonymous_15)
FN:126,(anonymous_16)
FN:137,(anonymous_17)
FN:153,(anonymous_18)
FN:154,(anonymous_19)
FN:160,(anonymous_20)
FN:165,(anonymous_21)
FN:167,(anonymous_22)
FN:175,(anonymous_23)
FNF:24
FNH:19
FNDA:44,(anonymous_0)
FNDA:104,(anonymous_1)
FNDA:6,(anonymous_2)
FNDA:6,(anonymous_3)
FNDA:6,(anonymous_4)
FNDA:5,(anonymous_5)
FNDA:14,(anonymous_6)
FNDA:0,(anonymous_7)
FNDA:0,(anonymous_8)
FNDA:0,(anonymous_9)
FNDA:1,(anonymous_10)
FNDA:3,(anonymous_11)
FNDA:8,(anonymous_12)
FNDA:0,(anonymous_13)
FNDA:0,(anonymous_14)
FNDA:1,(anonymous_15)
FNDA:1,(anonymous_16)
FNDA:5,(anonymous_17)
FNDA:20,(anonymous_18)
FNDA:3,(anonymous_19)
FNDA:5,(anonymous_20)
FNDA:3,(anonymous_21)
FNDA:12,(anonymous_22)
FNDA:2,(anonymous_23)
DA:8,6
DA:9,44
DA:14,104
DA:15,104
DA:20,0
DA:21,0
DA:26,104
DA:30,6
DA:31,6
DA:32,6
DA:34,6
DA:37,6
DA:55,6
DA:56,6
DA:59,6
DA:60,5
DA:62,3
DA:64,1
DA:66,1
DA:73,14
DA:74,14
DA:75,14
DA:76,14
DA:77,14
DA:78,14
DA:79,14
DA:82,14
DA:83,1
DA:84,1
DA:85,1
DA:86,1
DA:90,3
DA:91,3
DA:92,3
DA:93,3
DA:94,2
DA:95,8
DA:97,2
DA:98,2
DA:99,2
DA:100,2
DA:102,1
DA:104,1
DA:107,1
DA:108,1
DA:110,3
DA:111,3
DA:112,3
DA:115,14
DA:117,1
DA:122,1
DA:123,1
DA:126,14
DA:128,1
DA:133,1
DA:134,1
DA:138,5
DA:139,5
DA:140,5
DA:141,5
DA:142,5
DA:143,5
DA:145,5
DA:147,0
DA:148,0
DA:150,0
DA:153,5
DA:154,20
DA:156,5
DA:160,14
DA:161,5
DA:162,5
DA:166,3
DA:167,12
DA:173,3
DA:176,2
LF:76
LH:71
BRDA:9,0,0,26
BRDA:9,0,1,18
BRDA:9,1,0,44
BRDA:9,1,1,26
BRDA:14,2,0,104
BRDA:14,2,1,0
BRDA:22,3,0,0
BRDA:22,3,1,0
BRDA:32,4,0,0
BRDA:32,4,1,6
BRDA:34,5,0,0
BRDA:34,5,1,6
BRDA:56,6,0,5
BRDA:56,6,1,1
BRDA:56,7,0,6
BRDA:56,7,1,6
BRDA:60,8,0,3
BRDA:60,8,1,1
BRDA:60,8,2,1
BRDA:86,9,0,0
BRDA:86,9,1,1
BRDA:91,10,0,2
BRDA:91,10,1,1
BRDA:91,11,0,3
BRDA:91,11,1,3
BRDA:92,12,0,2
BRDA:92,12,1,1
BRDA:92,13,0,3
BRDA:92,13,1,1
BRDA:93,14,0,2
BRDA:93,14,1,1
BRDA:139,15,0,5
BRDA:139,15,1,0
BRDA:139,16,0,5
BRDA:139,16,1,2
BRDA:140,17,0,5
BRDA:140,17,1,0
BRDA:140,18,0,5
BRDA:140,18,1,2
BRDA:141,19,0,5
BRDA:141,19,1,0
BRDA:161,20,0,5
BRDA:161,20,1,0
BRF:43
BRH:33
end_of_record
TN:
SF:src\containers\Login.js
FN:8,(anonymous_0)
FN:19,(anonymous_1)
FN:30,(anonymous_2)
FN:32,(anonymous_3)
FN:41,(anonymous_4)
FN:52,(anonymous_5)
FN:54,(anonymous_6)
FN:63,(anonymous_7)
FN:69,(anonymous_8)
FN:78,(anonymous_9)
FN:88,(anonymous_10)
FNF:11
FNH:5
FNDA:4,(anonymous_0)
FNDA:2,(anonymous_1)
FNDA:0,(anonymous_2)
FNDA:2,(anonymous_3)
FNDA:2,(anonymous_4)
FNDA:0,(anonymous_5)
FNDA:2,(anonymous_6)
FNDA:0,(anonymous_7)
FNDA:0,(anonymous_8)
FNDA:0,(anonymous_9)
FNDA:0,(anonymous_10)
DA:4,3
DA:9,4
DA:10,4
DA:11,4
DA:12,4
DA:13,4
DA:14,4
DA:15,4
DA:16,4
DA:17,4
DA:19,4
DA:20,2
DA:21,2
DA:27,2
DA:28,2
DA:30,0
DA:33,2
DA:34,2
DA:35,2
DA:36,2
DA:41,4
DA:42,2
DA:43,2
DA:49,2
DA:50,2
DA:52,0
DA:55,2
DA:56,2
DA:57,2
DA:58,2
DA:63,4
DA:64,0
DA:65,0
DA:70,0
DA:73,0
DA:78,4
DA:79,0
DA:80,0
DA:89,0
DA:90,0
DA:93,0
LF:41
LH:30
BRDA:64,0,0,0
BRDA:64,0,1,0
BRDA:79,1,0,0
BRDA:79,1,1,0
BRF:4
BRH:0
end_of_record
TN:
SF:src\containers\Logout.js
FN:4,(anonymous_0)
FN:11,(anonymous_1)
FNF:2
FNH:2
FNDA:22,(anonymous_0)
FNDA:2,(anonymous_1)
DA:5,22
DA:6,22
DA:7,22
DA:8,22
DA:11,22
DA:12,2
DA:13,2
LF:7
LH:7
BRF:0
BRH:0
end_of_record
TN:
SF:src\containers\NewBill.js
FN:5,(anonymous_0)
FN:20,(anonymous_1)
FN:29,(anonymous_2)
FN:30,(anonymous_3)
FN:54,(anonymous_4)
FN:60,(anonymous_5)
FN:62,(anonymous_6)
FN:92,(anonymous_7)
FN:97,(anonymous_8)
FN:100,(anonymous_9)
FNF:10
FNH:6
FNDA:3,(anonymous_0)
FNDA:1,(anonymous_1)
FNDA:1,(anonymous_2)
FNDA:1,(anonymous_3)
FNDA:1,(anonymous_4)
FNDA:0,(anonymous_5)
FNDA:1,(anonymous_6)
FNDA:0,(anonymous_7)
FNDA:0,(anonymous_8)
FNDA:0,(anonymous_9)
DA:6,3
DA:7,3
DA:8,3
DA:9,3
DA:12,3
DA:13,3
DA:14,3
DA:15,3
DA:16,3
DA:17,3
DA:18,3
DA:20,3
DA:21,1
DA:22,1
DA:24,1
DA:25,1
DA:26,1
DA:27,1
DA:29,1
DA:30,1
DA:33,1
DA:34,0
DA:35,0
DA:36,0
DA:39,0
DA:42,1
DA:43,1
DA:44,1
DA:45,1
DA:46,1
DA:55,1
DA:56,1
DA:57,1
DA:58,1
DA:60,0
DA:62,3
DA:63,1
DA:64,1
DA:68,1
DA:69,1
DA:87,1
DA:88,1
DA:92,3
DA:93,0
DA:94,0
DA:98,0
DA:100,0
LF:47
LH:38
BRDA:33,0,0,0
BRDA:33,0,1,1
BRDA:79,1,0,1
BRDA:79,1,1,0
BRDA:93,2,0,0
BRDA:93,2,1,0
BRF:6
BRH:2
end_of_record
TN:
SF:src\views\Actions.js
FN:4,(anonymous_0)
FNF:1
FNH:1
FNDA:6,(anonymous_0)
DA:5,6
LF:1
LH:1
BRF:0
BRH:0
end_of_record
TN:
SF:src\views\BillsUI.js
FN:7,(anonymous_0)
FN:26,(anonymous_1)
FN:28,(anonymous_2)
FN:29,(anonymous_3)
FN:34,(anonymous_4)
FN:35,(anonymous_5)
FNF:6
FNH:6
FNDA:4,(anonymous_0)
FNDA:4,(anonymous_1)
FNDA:6,(anonymous_2)
FNDA:4,(anonymous_3)
FNDA:6,(anonymous_4)
FNDA:4,(anonymous_5)
DA:7,6
DA:8,4
DA:26,6
DA:27,4
DA:28,6
DA:29,4
DA:35,6
DA:52,6
DA:53,1
DA:54,5
DA:55,1
DA:58,4
LF:12
LH:12
BRDA:27,0,0,1
BRDA:27,0,1,3
BRDA:27,1,0,4
BRDA:27,1,1,2
BRDA:28,2,0,3
BRDA:28,2,1,3
BRDA:52,3,0,1
BRDA:52,3,1,5
BRDA:54,4,0,1
BRDA:54,4,1,4
BRF:10
BRH:10
end_of_record
TN:
SF:src\views\DashboardFormUI.js
FN:7,(anonymous_0)
FN:24,(anonymous_1)
FNF:2
FNH:2
FNDA:9,(anonymous_0)
FNDA:9,(anonymous_1)
DA:7,9
DA:26,9
LF:2
LH:2
BRDA:79,0,0,6
BRDA:79,0,1,3
BRDA:92,1,0,6
BRDA:92,1,1,3
BRF:4
BRH:4
end_of_record
TN:
SF:src\views\DashboardUI.js
FN:8,(anonymous_0)
FNF:1
FNH:1
FNDA:21,(anonymous_0)
DA:10,21
DA:11,6
DA:12,15
DA:13,3
DA:16,12
LF:5
LH:5
BRDA:10,0,0,6
BRDA:10,0,1,15
BRDA:12,1,0,3
BRDA:12,1,1,12
BRDA:22,2,0,12
BRDA:22,2,1,7
BRDA:29,3,0,12
BRDA:29,3,1,7
BRDA:36,4,0,12
BRDA:36,4,1,7
BRF:10
BRH:10
end_of_record
TN:
SF:src\views\ErrorPage.js
FN:3,(anonymous_0)
FNF:1
FNH:1
FNDA:6,(anonymous_0)
DA:4,6
LF:1
LH:1
BRDA:12,0,0,5
BRDA:12,0,1,1
BRF:2
BRH:2
end_of_record
TN:
SF:src\views\LoadingPage.js
FN:3,(anonymous_0)
FNF:1
FNH:1
FNDA:8,(anonymous_0)
DA:5,8
LF:1
LH:1
BRF:0
BRH:0
end_of_record
TN:
SF:src\views\LoginUI.js
FN:2,(anonymous_0)
FNF:1
FNH:1
FNDA:14,(anonymous_0)
DA:4,14
LF:1
LH:1
BRF:0
BRH:0
end_of_record
TN:
SF:src\views\NewBillUI.js
FN:3,(anonymous_0)
FNF:1
FNH:1
FNDA:4,(anonymous_0)
DA:5,4
LF:1
LH:1
BRF:0
BRH:0
end_of_record
TN:
SF:src\views\VerticalLayout.js
FN:5,(anonymous_0)
FNF:1
FNH:1
FNDA:35,(anonymous_0)
DA:7,35
DA:8,35
DA:9,20
DA:11,35
DA:12,4
DA:29,31
LF:6
LH:6
BRDA:8,0,0,20
BRDA:8,0,1,15
BRDA:11,1,0,4
BRDA:11,1,1,31
BRDA:11,2,0,35
BRDA:11,2,1,22
BRF:6
BRH:6
end_of_record
